<?xml version="1.0" encoding="UTF-8"?>
<!-- Generated by org.testng.reporters.JUnitReportReporter -->
<testsuite hostname="DESKTOP-C09DSQO" failures="0" tests="1" name="com.Equarz.Testcases.ProductTest3" time="10.129" errors="0" timestamp="2023-09-14T12:26:56 IST" skipped="0">
  <testcase classname="com.Equarz.Testcases.ProductTest3" name="verifyurl" time="10.129"/>
</testsuite> <!-- com.Equarz.Testcases.ProductTest3 -->
