<?xml version="1.0" encoding="UTF-8"?>
<!-- Generated by org.testng.reporters.JUnitReportReporter -->
<testsuite hostname="LAPTOP-CLNIFEQC" failures="0" tests="1" name="com.Equarz.Testcases.CustomerorderTest" time="64.429" errors="0" timestamp="2023-11-16T12:44:41 IST" skipped="0">
  <testcase classname="com.Equarz.Testcases.CustomerorderTest" name="addbuy" time="64.429"/>
  <system-out/>
</testsuite> <!-- com.Equarz.Testcases.CustomerorderTest -->
