<?xml version="1.0" encoding="UTF-8"?>
<!-- Generated by org.testng.reporters.JUnitReportReporter -->
<testsuite hostname="DESKTOP-C09DSQO" failures="0" tests="1" name="com.Equarz.Testcases.HProductTest3" time="12.264" errors="0" timestamp="2023-09-14T15:53:15 IST" skipped="0">
  <testcase classname="com.Equarz.Testcases.HProductTest3" name="verifyurl" time="12.264"/>
</testsuite> <!-- com.Equarz.Testcases.HProductTest3 -->
