<?xml version="1.0" encoding="UTF-8"?>
<!-- Generated by org.testng.reporters.JUnitReportReporter -->
<testsuite hostname="LAPTOP-CLNIFEQC" failures="0" tests="1" name="com.Equarz.Testcases.BuynowTest" time="23.092" errors="0" timestamp="2023-11-16T10:38:35 IST" skipped="0">
  <testcase classname="com.Equarz.Testcases.BuynowTest" name="addbuy" time="23.092"/>
  <system-out/>
</testsuite> <!-- com.Equarz.Testcases.BuynowTest -->
