<?xml version="1.0" encoding="UTF-8"?>
<!-- Generated by org.testng.reporters.JUnitReportReporter -->
<testsuite hostname="DESKTOP-C09DSQO" failures="0" tests="1" name="com.Equarz.Testcases.HomelinkTest" time="55.447" errors="0" timestamp="2023-09-25T14:20:43 IST" skipped="0">
  <testcase classname="com.Equarz.Testcases.HomelinkTest" name="search" time="55.447"/>
</testsuite> <!-- com.Equarz.Testcases.HomelinkTest -->
