<?xml version="1.0" encoding="UTF-8"?>
<!-- Generated by org.testng.reporters.JUnitReportReporter -->
<testsuite hostname="LAPTOP-CLNIFEQC" failures="0" tests="1" name="com.Equarz.Testcases.LoginTest" time="21.970" errors="0" timestamp="2023-11-14T08:50:16 IST" skipped="0">
  <testcase classname="com.Equarz.Testcases.LoginTest" name="verifyurl" time="21.970"/>
  <system-out/>
</testsuite> <!-- com.Equarz.Testcases.LoginTest -->
