<?xml version="1.0" encoding="UTF-8"?>
<!-- Generated by org.testng.reporters.JUnitReportReporter -->
<testsuite hostname="DESKTOP-C09DSQO" failures="0" tests="1" name="com.Equarz.Testcases.AddtocartTest" time="29.085" errors="0" timestamp="2023-09-24T10:50:48 IST" skipped="0">
  <testcase classname="com.Equarz.Testcases.AddtocartTest" name="verifyurl" time="29.085"/>
</testsuite> <!-- com.Equarz.Testcases.AddtocartTest -->
