<?xml version="1.0" encoding="UTF-8"?>
<!-- Generated by org.testng.reporters.JUnitReportReporter -->
<testsuite hostname="DESKTOP-C09DSQO" failures="0" tests="1" name="com.Equarz.Testcases.WishlistTest" time="36.408" errors="0" timestamp="2023-09-21T09:30:17 IST" skipped="0">
  <testcase classname="com.Equarz.Testcases.WishlistTest" name="dealswishlist" time="36.408"/>
</testsuite> <!-- com.Equarz.Testcases.WishlistTest -->
