<?xml version="1.0" encoding="UTF-8"?>
<!-- Generated by org.testng.reporters.JUnitReportReporter -->
<testsuite hostname="DESKTOP-C09DSQO" failures="0" tests="1" name="com.Equarz.Testcases.EditProfileTest" time="43.798" errors="0" timestamp="2023-10-13T09:08:23 IST" skipped="0">
  <testcase classname="com.Equarz.Testcases.EditProfileTest" name="search" time="43.798"/>
</testsuite> <!-- com.Equarz.Testcases.EditProfileTest -->
