<?xml version="1.0" encoding="UTF-8"?>
<!-- Generated by org.testng.reporters.JUnitReportReporter -->
<testsuite hostname="DESKTOP-C09DSQO" failures="0" tests="1" name="com.Equarz.Testcases.LoginTest" time="37.905" errors="0" timestamp="2023-09-19T12:51:21 IST" skipped="0">
  <testcase classname="com.Equarz.Testcases.LoginTest" name="verifyurl" time="37.905"/>
</testsuite> <!-- com.Equarz.Testcases.LoginTest -->
