<?xml version="1.0" encoding="UTF-8"?>
<!-- Generated by org.testng.reporters.JUnitReportReporter -->
<testsuite hostname="DESKTOP-C09DSQO" failures="0" tests="1" name="com.Equarz.Testcases.SignupTest" time="15.834" errors="0" timestamp="2023-09-11T16:29:22 IST" skipped="0">
  <testcase classname="com.Equarz.Testcases.SignupTest" name="verifyurl" time="15.834"/>
</testsuite> <!-- com.Equarz.Testcases.SignupTest -->
