<?xml version="1.0" encoding="UTF-8"?>
<!-- Generated by org.testng.reporters.JUnitReportReporter -->
<testsuite hostname="DESKTOP-C09DSQO" failures="0" tests="1" name="com.Equarz.Testcases.EditProfileTest" time="5.806" errors="0" timestamp="2023-10-09T15:41:17 IST" skipped="0">
  <testcase classname="com.Equarz.Testcases.EditProfileTest" name="search" time="5.806"/>
</testsuite> <!-- com.Equarz.Testcases.EditProfileTest -->
