<?xml version="1.0" encoding="UTF-8"?>
<!-- Generated by org.testng.reporters.JUnitReportReporter -->
<testsuite hostname="DESKTOP-C09DSQO" failures="0" tests="1" name="com.Equarz.Testcases.SearchTest" time="27.702" errors="0" timestamp="2023-09-25T12:39:54 IST" skipped="0">
  <testcase classname="com.Equarz.Testcases.SearchTest" name="searchdrop" time="27.702"/>
</testsuite> <!-- com.Equarz.Testcases.SearchTest -->
