<?xml version="1.0" encoding="UTF-8"?>
<!-- Generated by org.testng.reporters.JUnitReportReporter -->
<testsuite hostname="DESKTOP-C09DSQO" failures="0" tests="1" name="com.Equarz.Testcases.ProductTest2" time="13.595" errors="0" timestamp="2023-09-14T11:35:13 IST" skipped="0">
  <testcase classname="com.Equarz.Testcases.ProductTest2" name="verifyurl" time="13.595"/>
</testsuite> <!-- com.Equarz.Testcases.ProductTest2 -->
