<?xml version="1.0" encoding="UTF-8"?>
<!-- Generated by org.testng.reporters.JUnitReportReporter -->
<testsuite hostname="DESKTOP-C09DSQO" failures="0" tests="1" name="com.Equarz.Testcases.WishlistTest" time="45.732" errors="0" timestamp="2023-09-15T15:39:17 IST" skipped="0">
  <testcase classname="com.Equarz.Testcases.WishlistTest" name="verifyurl" time="45.732"/>
</testsuite> <!-- com.Equarz.Testcases.WishlistTest -->
