<?xml version="1.0" encoding="UTF-8"?>
<!-- Generated by org.testng.reporters.JUnitReportReporter -->
<testsuite hostname="DESKTOP-C09DSQO" failures="0" tests="1" name="com.Equarz.Testcases.ProductTest" time="18.073" errors="0" timestamp="2023-09-14T11:27:27 IST" skipped="0">
  <testcase classname="com.Equarz.Testcases.ProductTest" name="verifyurl" time="18.073"/>
</testsuite> <!-- com.Equarz.Testcases.ProductTest -->
