<?xml version="1.0" encoding="UTF-8"?>
<!-- Generated by org.testng.reporters.JUnitReportReporter -->
<testsuite hostname="LAPTOP-CLNIFEQC" failures="0" tests="1" name="com.Equarz.Testcases.CustomerorderTest" time="88.074" errors="0" timestamp="2023-11-20T06:47:01 IST" skipped="0">
  <testcase classname="com.Equarz.Testcases.CustomerorderTest" name="addbuy" time="88.074"/>
  <system-out/>
</testsuite> <!-- com.Equarz.Testcases.CustomerorderTest -->
