<?xml version="1.0" encoding="UTF-8"?>
<!-- Generated by org.testng.reporters.JUnitReportReporter -->
<testsuite hostname="DESKTOP-C09DSQO" failures="0" tests="3" name="com.Equarz.Testcases.LogOutTest" time="97.988" errors="0" timestamp="2023-10-11T11:59:20 IST" skipped="0">
  <testcase classname="com.Equarz.Testcases.LogOutTest" name="back" time="32.069"/>
  <testcase classname="com.Equarz.Testcases.LogOutTest" name="logout" time="34.147"/>
  <testcase classname="com.Equarz.Testcases.LogOutTest" name="refresh" time="31.772"/>
</testsuite> <!-- com.Equarz.Testcases.LogOutTest -->
