<?xml version="1.0" encoding="UTF-8"?>
<!-- Generated by org.testng.reporters.JUnitReportReporter -->
<testsuite hostname="DESKTOP-C09DSQO" failures="0" tests="3" name="com.Equarz.Testcases.LogOutTest" time="63.027" errors="0" timestamp="2023-10-13T09:58:36 IST" skipped="0">
  <testcase classname="com.Equarz.Testcases.LogOutTest" name="back" time="21.696"/>
  <testcase classname="com.Equarz.Testcases.LogOutTest" name="logout" time="18.709"/>
  <testcase classname="com.Equarz.Testcases.LogOutTest" name="refresh" time="22.622"/>
</testsuite> <!-- com.Equarz.Testcases.LogOutTest -->
