<?xml version="1.0" encoding="UTF-8"?>
<!-- Generated by org.testng.reporters.JUnitReportReporter -->
<testsuite hostname="DESKTOP-C09DSQO" failures="0" tests="1" name="com.Equarz.Testcases.ProductTest4" time="11.232" errors="0" timestamp="2023-09-14T12:38:14 IST" skipped="0">
  <testcase classname="com.Equarz.Testcases.ProductTest4" name="verifyurl" time="11.232"/>
</testsuite> <!-- com.Equarz.Testcases.ProductTest4 -->
