<?xml version="1.0" encoding="UTF-8"?>
<!-- Generated by org.testng.reporters.JUnitReportReporter -->
<testsuite hostname="DESKTOP-C09DSQO" failures="0" tests="3" name="com.Equarz.Testcases.AddressTest" time="12.587" errors="0" timestamp="2023-10-13T12:23:57 IST" skipped="0">
  <testcase classname="com.Equarz.Testcases.AddressTest" name="addaddress" time="6.092"/>
  <testcase classname="com.Equarz.Testcases.AddressTest" name="editaddress" time="1.824"/>
  <testcase classname="com.Equarz.Testcases.AddressTest" name="deleteaddress" time="4.671"/>
</testsuite> <!-- com.Equarz.Testcases.AddressTest -->
