<?xml version="1.0" encoding="UTF-8"?>
<!-- Generated by org.testng.reporters.JUnitReportReporter -->
<testsuite hostname="DESKTOP-C09DSQO" failures="0" tests="1" name="com.Equarz.Testcases.CProductTest" time="61.590" errors="0" timestamp="2023-09-15T11:31:43 IST" skipped="0">
  <testcase classname="com.Equarz.Testcases.CProductTest" name="verifyurl" time="61.590"/>
</testsuite> <!-- com.Equarz.Testcases.CProductTest -->
