<?xml version="1.0" encoding="UTF-8"?>
<!-- Generated by org.testng.reporters.JUnitReportReporter -->
<testsuite hostname="DESKTOP-C09DSQO" failures="0" tests="3" name="com.Equarz.Testcases.AddressTest" time="16.408" errors="0" timestamp="2023-10-11T09:20:41 IST" skipped="0">
  <testcase classname="com.Equarz.Testcases.AddressTest" name="addaddress" time="10.002"/>
  <testcase classname="com.Equarz.Testcases.AddressTest" name="editaddress" time="1.722"/>
  <testcase classname="com.Equarz.Testcases.AddressTest" name="deleteaddress" time="4.684"/>
</testsuite> <!-- com.Equarz.Testcases.AddressTest -->
